[07:40:10] [WARNING] Проверьте корректность кода создания объекта!
[07:40:10] [INFO] ddl → ./khd/ddl/grp_core/tables/bw_metrics.sql
[07:40:10] [INFO] model → ./khd/ddl/models/LOAD_GP_CORE_BW_METRICS/create_grp_wrk_v_bw_metrics.sql
[07:40:10] [INFO] loader → ./khd/ddl/models/LOAD_GP_CORE_BW_METRICS/load_grp_core_bw_metrics.sql
[07:40:10] [WARNING] Проверьте корректность кода создания объекта!
[10:09:27] [WARNING] Проверьте корректность кода создания объекта!
[10:09:27] [INFO] ddl → ./khd/ddl/grp_core/tables/bw_metrics.sql
[10:09:27] [INFO] model → ./khd/ddl/models/LOAD_GP_CORE_BW_METRICS/create_grp_wrk_v_bw_metrics.sql
[10:09:27] [INFO] loader → ./khd/ddl/models/LOAD_GP_CORE_BW_METRICS/load_grp_core_bw_metrics.sql
[10:09:27] [WARNING] Проверьте корректность кода создания объекта!
[10:11:19] [ERROR] В dwh_config.yaml не найден ключ options.block_patterns_path
[10:14:06] [WARNING] ddl → ./khd/ddl/grp_ods_bw/unknown/ext_kurl_im.sql Проверьте корректность кода создания объекта!
[10:14:06] [INFO] ddl → ./khd/ddl/grp_core/tables/bw_metrics.sql
[10:14:06] [INFO] model → ./khd/ddl/models/LOAD_GP_CORE_BW_METRICS/create_grp_wrk_v_bw_metrics.sql
[10:14:06] [INFO] loader → ./khd/ddl/models/LOAD_GP_CORE_BW_METRICS/load_grp_core_bw_metrics.sql
[10:14:06] [WARNING] ddl → ./khd/ddl/grp_rep/unknown/v_bw_metrics.sql Проверьте корректность кода создания объекта!
[18:59:57] [SUCCESS] Сохранён блок dag в ./dags/{dag_id}.py
[18:59:57] [SUCCESS] Сохранён блок ddl в ./khd/ddl/{schema}/{object_type}/{object_name}.sql
[18:59:57] [SUCCESS] Сохранён блок ddl в ./khd/ddl/{schema}/{object_type}/{object_name}.sql
[18:59:57] [SUCCESS] Сохранён блок model в ./khd/ddl/models/{dag_id}/create_{schema}_{object_name}.sql
[18:59:57] [SUCCESS] Сохранён блок loader в ./khd/ddl/models/{dag_id}/load_{schema}_{object_name}.sql
[18:59:57] [SUCCESS] Сохранён блок ddl в ./khd/ddl/{schema}/{object_type}/{object_name}.sql
[05:22:19] [ERROR] В dwh_config.yaml не найден ключ options.block_patterns_path
[15:09:34] [ERROR] В dwh_config.yaml не найден ключ options.block_patterns_path
[15:11:35] [ERROR] В dwh_config.yaml не найден ключ options.block_patterns_path
[22:04:03] [ERROR] В dwh_config.yaml не найден ключ options.block_patterns_path
